0 info it worked if it ends with ok
1 verbose cli [ 'C:\\Program Files\\nodejs\\\\node.exe',
1 verbose cli   'C:\\Program Files\\nodejs\\node_modules\\npm\\bin\\npm-cli.js',
1 verbose cli   'info',
1 verbose cli   'jasmin' ]
2 info using npm@1.4.14
3 info using node@v0.10.29
4 verbose node symlink C:\Program Files\nodejs\\node.exe
5 verbose url raw jasmin
6 verbose url resolving [ 'https://registry.npmjs.org/', './jasmin' ]
7 verbose url resolved https://registry.npmjs.org/jasmin
8 info trying registry request attempt 1 at 01:32:41
9 http GET https://registry.npmjs.org/jasmin
10 http 404 https://registry.npmjs.org/jasmin
11 verbose headers { date: 'Fri, 18 Jul 2014 23:32:41 GMT',
11 verbose headers   server: 'CouchDB/1.5.0 (Erlang OTP/R16B03)',
11 verbose headers   'content-type': 'application/json',
11 verbose headers   'cache-control': 'max-age=0',
11 verbose headers   'content-length': '52',
11 verbose headers   'accept-ranges': 'bytes',
11 verbose headers   via: '1.1 varnish',
11 verbose headers   age: '0',
11 verbose headers   'x-served-by': 'cache-fra1220-FRA',
11 verbose headers   'x-cache': 'MISS',
11 verbose headers   'x-cache-hits': '0',
11 verbose headers   'x-timer': 'S1405726360.837874,VS0,VE176',
11 verbose headers   'keep-alive': 'timeout=10, max=50',
11 verbose headers   connection: 'Keep-Alive' }
12 silly registry.get cb [ 404,
12 silly registry.get   { date: 'Fri, 18 Jul 2014 23:32:41 GMT',
12 silly registry.get     server: 'CouchDB/1.5.0 (Erlang OTP/R16B03)',
12 silly registry.get     'content-type': 'application/json',
12 silly registry.get     'cache-control': 'max-age=0',
12 silly registry.get     'content-length': '52',
12 silly registry.get     'accept-ranges': 'bytes',
12 silly registry.get     via: '1.1 varnish',
12 silly registry.get     age: '0',
12 silly registry.get     'x-served-by': 'cache-fra1220-FRA',
12 silly registry.get     'x-cache': 'MISS',
12 silly registry.get     'x-cache-hits': '0',
12 silly registry.get     'x-timer': 'S1405726360.837874,VS0,VE176',
12 silly registry.get     'keep-alive': 'timeout=10, max=50',
12 silly registry.get     connection: 'Keep-Alive' } ]
13 error 404 404 Not Found: jasmin
13 error 404
13 error 404 'jasmin' is not in the npm registry.
13 error 404 You should bug the author to publish it
13 error 404
13 error 404 Note that you can also install from a
13 error 404 tarball, folder, or http url, or git url.
14 error System Windows_NT 6.2.9200
15 error command "C:\\Program Files\\nodejs\\\\node.exe" "C:\\Program Files\\nodejs\\node_modules\\npm\\bin\\npm-cli.js" "info" "jasmin"
16 error cwd C:\Users\Arthur\projekte\tutorials\angularjs\bookmonkey\app
17 error node -v v0.10.29
18 error npm -v 1.4.14
19 error code E404
20 verbose exit [ 1, true ]
